app/build/intermediates/manifest_merge_blame_file/debug/manifest-merger-blame-debug-report.txt
1<?xml version="1.0" encoding="utf-8"?>
2<manifest xmlns:android="http://schemas.android.com/apk/res/android"
3    package="com.example.mac.words"
4    android:versionCode="1"
5    android:versionName="1.0" >
6
7    <uses-sdk
8        android:minSdkVersion="15"
8-->src/main/AndroidManifest.xml
9        android:targetSdkVersion="28" />
9-->src/main/AndroidManifest.xml
10
11    <application
11-->src/main/AndroidManifest.xml:5:5-36:19
12        android:allowBackup="true"
12-->src/main/AndroidManifest.xml:6:9-35
13        android:appComponentFactory="android.support.v4.app.CoreComponentFactory"
13-->[com.android.support:support-compat:28.0.0] AndroidManifest.xml:22:18-91
14        android:debuggable="true"
15        android:icon="@mipmap/ic_launcher"
15-->src/main/AndroidManifest.xml:7:9-43
16        android:label="@string/app_name"
16-->src/main/AndroidManifest.xml:8:9-41
17        android:roundIcon="@mipmap/ic_launcher_round"
17-->src/main/AndroidManifest.xml:9:9-54
18        android:supportsRtl="true"
18-->src/main/AndroidManifest.xml:10:9-35
19        android:theme="@style/AppTheme" >
19-->src/main/AndroidManifest.xml:11:9-40
20        <activity android:name="com.example.mac.words.View_Kanji_Play_Button" />
20-->src/main/AndroidManifest.xml:12:9-69
20-->src/main/AndroidManifest.xml:12:19-57
21        <activity android:name="com.example.mac.words.View_Words_Play_Button" />
21-->src/main/AndroidManifest.xml:13:9-60
21-->src/main/AndroidManifest.xml:13:19-57
22        <activity android:name="com.example.mac.words.Experiment" />
22-->src/main/AndroidManifest.xml:14:9-48
22-->src/main/AndroidManifest.xml:14:19-45
23        <activity android:name="com.example.mac.words.Obsolete" />
23-->src/main/AndroidManifest.xml:15:9-46
23-->src/main/AndroidManifest.xml:15:19-43
24        <activity
24-->src/main/AndroidManifest.xml:16:9-18:52
25            android:name="com.example.mac.words.MainActivity"
25-->src/main/AndroidManifest.xml:17:13-41
26            android:screenOrientation="portrait" />
26-->src/main/AndroidManifest.xml:18:13-49
27        <activity android:name="com.example.mac.words.Grammar_Update_Button" />
27-->src/main/AndroidManifest.xml:19:9-59
27-->src/main/AndroidManifest.xml:19:19-56
28        <activity android:name="com.example.mac.words.Grammar_View_Button" />
28-->src/main/AndroidManifest.xml:20:9-57
28-->src/main/AndroidManifest.xml:20:19-54
29        <activity android:name="com.example.mac.words.Grammar_Button" />
29-->src/main/AndroidManifest.xml:21:9-52
29-->src/main/AndroidManifest.xml:21:19-49
30        <activity android:name="com.example.mac.words.Random_Kanji_Button" />
30-->src/main/AndroidManifest.xml:22:9-57
30-->src/main/AndroidManifest.xml:22:19-54
31        <activity android:name="com.example.mac.words.Random_Words_Button" />
31-->src/main/AndroidManifest.xml:23:9-57
31-->src/main/AndroidManifest.xml:23:19-54
32        <activity android:name="com.example.mac.words.View_Kanji_Button" />
32-->src/main/AndroidManifest.xml:24:9-55
32-->src/main/AndroidManifest.xml:24:19-52
33        <activity android:name="com.example.mac.words.View_Words_Button" />
33-->src/main/AndroidManifest.xml:25:9-55
33-->src/main/AndroidManifest.xml:25:19-52
34        <activity android:name="com.example.mac.words.Add_Kanji_Button" />
34-->src/main/AndroidManifest.xml:26:9-54
34-->src/main/AndroidManifest.xml:26:19-51
35        <activity android:name="com.example.mac.words.Add_Words_Button" />
35-->src/main/AndroidManifest.xml:27:9-54
35-->src/main/AndroidManifest.xml:27:19-51
36        <activity android:name="com.example.mac.words.About_Button" />
36-->src/main/AndroidManifest.xml:28:9-50
36-->src/main/AndroidManifest.xml:28:19-47
37        <activity android:name="com.example.mac.words.Splash_Screen" >
37-->src/main/AndroidManifest.xml:29:9-35:20
37-->src/main/AndroidManifest.xml:29:19-48
38            <intent-filter>
38-->src/main/AndroidManifest.xml:30:13-34:29
39                <action android:name="android.intent.action.MAIN" />
39-->src/main/AndroidManifest.xml:31:17-69
39-->src/main/AndroidManifest.xml:31:25-66
40
41                <category android:name="android.intent.category.LAUNCHER" />
41-->src/main/AndroidManifest.xml:33:17-77
41-->src/main/AndroidManifest.xml:33:27-74
42            </intent-filter>
43        </activity>
44    </application>
45
46</manifest>